#
# There is insufficient memory for the Java Runtime Environment to continue.
# Native memory allocation (malloc) failed to allocate 1048576 bytes. Error detail: AllocateHeap
# Possible reasons:
#   The system is out of physical RAM or swap space
#   This process is running with CompressedOops enabled, and the Java Heap may be blocking the growth of the native heap
# Possible solutions:
#   Reduce memory load on the system
#   Increase physical memory or swap space
#   Check if swap backing store is full
#   Decrease Java heap size (-Xmx/-Xms)
#   Decrease number of Java threads
#   Decrease Java thread stack sizes (-Xss)
#   Set larger code cache with -XX:ReservedCodeCacheSize=
#   JVM is running with Unscaled Compressed Oops mode in which the Java heap is
#     placed in the first 4GB address space. The Java Heap base address is the
#     maximum limit for the native heap growth. Please use -XX:HeapBaseMinAddress
#     to set the Java Heap base and to place the Java Heap above 4GB virtual address.
# This output file may be truncated or incomplete.
#
#  Out of Memory Error (allocation.cpp:44), pid=3916, tid=1680
#
# JRE version: OpenJDK Runtime Environment Temurin-21.0.8+9 (21.0.8+9) (build 21.0.8+9-LTS)
# Java VM: OpenJDK 64-Bit Server VM Temurin-21.0.8+9 (21.0.8+9-LTS, mixed mode, sharing, tiered, compressed oops, compressed class ptrs, parallel gc, windows-amd64)
# No core dump will be written. Minidumps are not enabled by default on client versions of Windows
#

---------------  S U M M A R Y ------------

Command Line: --add-modules=ALL-SYSTEM --add-opens=java.base/java.util=ALL-UNNAMED --add-opens=java.base/java.lang=ALL-UNNAMED --add-opens=java.base/sun.nio.fs=ALL-UNNAMED -Declipse.application=org.eclipse.jdt.ls.core.id1 -Dosgi.bundles.defaultStartLevel=4 -Declipse.product=org.eclipse.jdt.ls.core.product -Djava.import.generatesMetadataFilesAtProjectRoot=false -DDetectVMInstallationsJob.disabled=true -Dfile.encoding=utf8 -XX:+UseParallelGC -XX:GCTimeRatio=4 -XX:AdaptiveSizePolicyWeight=90 -Dsun.zip.disableMemoryMapping=true -Xmx2G -Xms100m -Xlog:disable -javaagent:c:\Users\USER\.vscode\extensions\redhat.java-1.46.0-win32-x64\lombok\lombok-1.18.39-4050.jar -XX:+HeapDumpOnOutOfMemoryError -XX:HeapDumpPath=c:\Users\USER\AppData\Roaming\Code\User\workspaceStorage\ebff57e93c82993d14ff03a283f459eb\redhat.java -Daether.dependencyCollector.impl=bf c:\Users\USER\.vscode\extensions\redhat.java-1.46.0-win32-x64\server\plugins\org.eclipse.equinox.launcher_1.7.0.v20250519-0528.jar -configuration c:\Users\USER\AppData\Roaming\Code\User\globalStorage\redhat.java\1.46.0\config_win -data c:\Users\USER\AppData\Roaming\Code\User\workspaceStorage\ebff57e93c82993d14ff03a283f459eb\redhat.java\jdt_ws --pipe=\\.\pipe\lsp-82c4ae8c55fe70a2d0713cfb5c0f8f84-sock

Host: 11th Gen Intel(R) Core(TM) i5-11400H @ 2.70GHz, 12 cores, 7G,  Windows 11 , 64 bit Build 26100 (10.0.26100.5074)
Time: Fri Oct 10 12:28:06 2025 Sri Lanka Standard Time elapsed time: 9228.997612 seconds (0d 2h 33m 48s)

---------------  T H R E A D  ---------------

Current thread (0x00000224b2074a20):  JavaThread "Attach Listener" daemon [_thread_in_vm, id=1680, stack(0x0000008de8800000,0x0000008de8900000) (1024K)]

Stack: [0x0000008de8800000,0x0000008de8900000]
Native frames: (J=compiled Java code, j=interpreted, Vv=VM code, C=native code)
V  [jvm.dll+0x6d2449]
V  [jvm.dll+0x8ae341]
V  [jvm.dll+0x8b08be]
V  [jvm.dll+0x8b0fa3]
V  [jvm.dll+0x280c96]
V  [jvm.dll+0xc0347]
V  [jvm.dll+0x6d2cf9]
V  [jvm.dll+0x131116]
V  [jvm.dll+0x3f2d16]
V  [jvm.dll+0x857e6b]
V  [jvm.dll+0x6d0b0d]
C  [ucrtbase.dll+0x37b0]
C  [KERNEL32.DLL+0x2e8d7]
C  [ntdll.dll+0x8d9c]


---------------  P R O C E S S  ---------------

Threads class SMR info:
_java_thread_list=0x000002251de2f820, length=39, elements={
0x00000224b1fcc1e0, 0x00000224b1f7e670, 0x00000224b2072650, 0x00000224b2073dd0,
0x00000224b2074a20, 0x00000224b2075670, 0x00000224b20780d0, 0x00000224b207bc20,
0x00000224b2084670, 0x000002250add2ce0, 0x000002250aff15d0, 0x00000225107cef80,
0x00000225109df630, 0x000002250ad73a80, 0x000002250aea2b90, 0x0000022510b0cb30,
0x0000022510515ec0, 0x0000022510d8f350, 0x00000225100b9930, 0x0000022510f905f0,
0x0000022510f92d50, 0x0000022510f90c80, 0x0000022510f8ff60, 0x0000022511496270,
0x0000022511493b10, 0x0000022511495550, 0x0000022511495be0, 0x0000022511494830,
0x0000022511494ec0, 0x0000022511496900, 0x0000022511493480, 0x0000022511496f90,
0x0000022511497620, 0x00000225114941a0, 0x0000022511498340, 0x0000022511499d80,
0x0000022512d5d240, 0x0000022512d613e0, 0x0000022514d8a0f0
}

Java Threads: ( => current thread )
  0x00000224b1fcc1e0 JavaThread "main"                              [_thread_blocked, id=8220, stack(0x0000008de8100000,0x0000008de8200000) (1024K)]
  0x00000224b1f7e670 JavaThread "Reference Handler"          daemon [_thread_blocked, id=16928, stack(0x0000008de8500000,0x0000008de8600000) (1024K)]
  0x00000224b2072650 JavaThread "Finalizer"                  daemon [_thread_blocked, id=8148, stack(0x0000008de8600000,0x0000008de8700000) (1024K)]
  0x00000224b2073dd0 JavaThread "Signal Dispatcher"          daemon [_thread_blocked, id=4800, stack(0x0000008de8700000,0x0000008de8800000) (1024K)]
=>0x00000224b2074a20 JavaThread "Attach Listener"            daemon [_thread_in_vm, id=1680, stack(0x0000008de8800000,0x0000008de8900000) (1024K)]
  0x00000224b2075670 JavaThread "Service Thread"             daemon [_thread_blocked, id=3168, stack(0x0000008de8900000,0x0000008de8a00000) (1024K)]
  0x00000224b20780d0 JavaThread "Monitor Deflation Thread"   daemon [_thread_blocked, id=29412, stack(0x0000008de8a00000,0x0000008de8b00000) (1024K)]
  0x00000224b207bc20 JavaThread "C2 CompilerThread0"         daemon [_thread_blocked, id=22448, stack(0x0000008de8b00000,0x0000008de8c00000) (1024K)]
  0x00000224b2084670 JavaThread "C1 CompilerThread0"         daemon [_thread_blocked, id=24540, stack(0x0000008de8c00000,0x0000008de8d00000) (1024K)]
  0x000002250add2ce0 JavaThread "Common-Cleaner"             daemon [_thread_blocked, id=24504, stack(0x0000008de8d00000,0x0000008de8e00000) (1024K)]
  0x000002250aff15d0 JavaThread "Notification Thread"        daemon [_thread_blocked, id=12332, stack(0x0000008de8e00000,0x0000008de8f00000) (1024K)]
  0x00000225107cef80 JavaThread "Active Thread: Equinox Container: 13306312-b2b3-4fcd-b495-0db909940dd9"        [_thread_blocked, id=2892, stack(0x0000008de9700000,0x0000008de9800000) (1024K)]
  0x00000225109df630 JavaThread "Refresh Thread: Equinox Container: 13306312-b2b3-4fcd-b495-0db909940dd9" daemon [_thread_blocked, id=21448, stack(0x0000008de9000000,0x0000008de9100000) (1024K)]
  0x000002250ad73a80 JavaThread "Framework Event Dispatcher: Equinox Container: 13306312-b2b3-4fcd-b495-0db909940dd9" daemon [_thread_blocked, id=26824, stack(0x0000008de9800000,0x0000008de9900000) (1024K)]
  0x000002250aea2b90 JavaThread "Start Level: Equinox Container: 13306312-b2b3-4fcd-b495-0db909940dd9" daemon [_thread_blocked, id=28680, stack(0x0000008de9900000,0x0000008de9a00000) (1024K)]
  0x0000022510b0cb30 JavaThread "Bundle File Closer"         daemon [_thread_blocked, id=28916, stack(0x0000008de9c00000,0x0000008de9d00000) (1024K)]
  0x0000022510515ec0 JavaThread "SCR Component Actor"        daemon [_thread_blocked, id=26420, stack(0x0000008de9d00000,0x0000008de9e00000) (1024K)]
  0x0000022510d8f350 JavaThread "Worker-JM"                         [_thread_blocked, id=26208, stack(0x0000008de9e00000,0x0000008de9f00000) (1024K)]
  0x00000225100b9930 JavaThread "JNA Cleaner"                daemon [_thread_blocked, id=24060, stack(0x0000008de9f00000,0x0000008dea000000) (1024K)]
  0x0000022510f905f0 JavaThread "Java indexing"              daemon [_thread_blocked, id=24628, stack(0x0000008dea400000,0x0000008dea500000) (1024K)]
  0x0000022510f92d50 JavaThread "Thread-1"                   daemon [_thread_in_native, id=21332, stack(0x0000008dea900000,0x0000008deaa00000) (1024K)]
  0x0000022510f90c80 JavaThread "Thread-2"                   daemon [_thread_in_native, id=1620, stack(0x0000008deaa00000,0x0000008deab00000) (1024K)]
  0x0000022510f8ff60 JavaThread "Thread-3"                   daemon [_thread_in_native, id=21756, stack(0x0000008deab00000,0x0000008deac00000) (1024K)]
  0x0000022511496270 JavaThread "Thread-4"                   daemon [_thread_in_native, id=28040, stack(0x0000008deac00000,0x0000008dead00000) (1024K)]
  0x0000022511493b10 JavaThread "Thread-5"                   daemon [_thread_in_native, id=4024, stack(0x0000008dead00000,0x0000008deae00000) (1024K)]
  0x0000022511495550 JavaThread "Thread-6"                   daemon [_thread_in_native, id=22612, stack(0x0000008deae00000,0x0000008deaf00000) (1024K)]
  0x0000022511495be0 JavaThread "Thread-7"                   daemon [_thread_in_native, id=23760, stack(0x0000008deaf00000,0x0000008deb000000) (1024K)]
  0x0000022511494830 JavaThread "Thread-8"                   daemon [_thread_in_native, id=27864, stack(0x0000008deb000000,0x0000008deb100000) (1024K)]
  0x0000022511494ec0 JavaThread "Thread-9"                   daemon [_thread_in_native, id=16316, stack(0x0000008deb100000,0x0000008deb200000) (1024K)]
  0x0000022511496900 JavaThread "Thread-10"                  daemon [_thread_in_native, id=17992, stack(0x0000008deb200000,0x0000008deb300000) (1024K)]
  0x0000022511493480 JavaThread "Thread-11"                  daemon [_thread_in_native, id=29416, stack(0x0000008deb300000,0x0000008deb400000) (1024K)]
  0x0000022511496f90 JavaThread "Thread-12"                  daemon [_thread_in_native, id=28836, stack(0x0000008deb400000,0x0000008deb500000) (1024K)]
  0x0000022511497620 JavaThread "Thread-13"                  daemon [_thread_in_native, id=15900, stack(0x0000008deb500000,0x0000008deb600000) (1024K)]
  0x00000225114941a0 JavaThread "pool-2-thread-1"                   [_thread_blocked, id=21416, stack(0x0000008deb600000,0x0000008deb700000) (1024K)]
  0x0000022511498340 JavaThread "WorkspaceEventsHandler"            [_thread_blocked, id=2244, stack(0x0000008deb700000,0x0000008deb800000) (1024K)]
  0x0000022511499d80 JavaThread "pool-1-thread-1"                   [_thread_blocked, id=16020, stack(0x0000008deb800000,0x0000008deb900000) (1024K)]
  0x0000022512d5d240 JavaThread "Cleaner-0"                  daemon [_thread_blocked, id=23808, stack(0x0000008dec500000,0x0000008dec600000) (1024K)]
  0x0000022512d613e0 JavaThread "Worker-37"                         [_thread_blocked, id=24364, stack(0x0000008debd00000,0x0000008debe00000) (1024K)]
  0x0000022514d8a0f0 JavaThread "Worker-39"                         [_thread_blocked, id=25388, stack(0x0000008dea000000,0x0000008dea100000) (1024K)]
Total: 39

Other Threads:
  0x00000224b1f64950 VMThread "VM Thread"                           [id=10108, stack(0x0000008de8400000,0x0000008de8500000) (1024K)]
  0x00000224b1e5c950 WatcherThread "VM Periodic Task Thread"        [id=29260, stack(0x0000008de8300000,0x0000008de8400000) (1024K)]
  0x00000224b1fea4f0 WorkerThread "GC Thread#0"                     [id=23312, stack(0x0000008de8200000,0x0000008de8300000) (1024K)]
  0x00000225105fe300 WorkerThread "GC Thread#1"                     [id=9080, stack(0x0000008de9100000,0x0000008de9200000) (1024K)]
  0x0000022510438f40 WorkerThread "GC Thread#2"                     [id=18596, stack(0x0000008de9200000,0x0000008de9300000) (1024K)]
  0x00000225104392e0 WorkerThread "GC Thread#3"                     [id=8616, stack(0x0000008de9300000,0x0000008de9400000) (1024K)]
  0x00000225105f92b0 WorkerThread "GC Thread#4"                     [id=21652, stack(0x0000008de9400000,0x0000008de9500000) (1024K)]
  0x00000225105f9650 WorkerThread "GC Thread#5"                     [id=30044, stack(0x0000008de9500000,0x0000008de9600000) (1024K)]
  0x00000225105f99f0 WorkerThread "GC Thread#6"                     [id=8384, stack(0x0000008de9600000,0x0000008de9700000) (1024K)]
  0x00000225108053d0 WorkerThread "GC Thread#7"                     [id=3368, stack(0x0000008de8f00000,0x0000008de9000000) (1024K)]
  0x0000022510805b10 WorkerThread "GC Thread#8"                     [id=26796, stack(0x0000008de9a00000,0x0000008de9b00000) (1024K)]
  0x0000022510805eb0 WorkerThread "GC Thread#9"                     [id=22496, stack(0x0000008de9b00000,0x0000008de9c00000) (1024K)]
Total: 12

Threads with active compile tasks:
Total: 0

VM state: not at safepoint (normal execution)

VM Mutex/Monitor currently owned by a thread: None

Heap address: 0x0000000080000000, size: 2048 MB, Compressed Oops mode: 32-bit

CDS archive(s) mapped at: [0x00000224c9000000-0x00000224c9ba0000-0x00000224c9ba0000), size 12189696, SharedBaseAddress: 0x00000224c9000000, ArchiveRelocationMode: 1.
Compressed class space mapped at: 0x00000224ca000000-0x000002250a000000, reserved size: 1073741824
Narrow klass base: 0x00000224c9000000, Narrow klass shift: 0, Narrow klass range: 0x100000000

GC Precious Log:
 CardTable entry size: 512
 CPUs: 12 total, 12 available
 Memory: 7929M
 Large Page Support: Disabled
 NUMA Support: Disabled
 Compressed Oops: Enabled (32-bit)
 Alignments: Space 512K, Generation 512K, Heap 2M
 Heap Min Capacity: 100M
 Heap Initial Capacity: 100M
 Heap Max Capacity: 2G
 Pre-touch: Disabled
 Parallel Workers: 10

Heap:
 PSYoungGen      total 11264K, used 7621K [0x00000000d5580000, 0x00000000d6380000, 0x0000000100000000)
  eden space 10240K, 68% used [0x00000000d5580000,0x00000000d5c62b20,0x00000000d5f80000)
  from space 1024K, 55% used [0x00000000d6200000,0x00000000d628e900,0x00000000d6300000)
  to   space 512K, 0% used [0x00000000d6300000,0x00000000d6300000,0x00000000d6380000)
 ParOldGen       total 899584K, used 899509K [0x0000000080000000, 0x00000000b6e80000, 0x00000000d5580000)
  object space 899584K, 99% used [0x0000000080000000,0x00000000b6e6d728,0x00000000b6e80000)
 Metaspace       used 99352K, committed 101120K, reserved 1179648K
  class space    used 9908K, committed 10752K, reserved 1048576K

Card table byte_map: [0x00000224b1970000,0x00000224b1d80000] _byte_map_base: 0x00000224b1570000

Marking Bits: (ParMarkBitMap*) 0x00007ffceb37a340
 Begin Bits: [0x00000224c4470000, 0x00000224c6470000)
 End Bits:   [0x00000224c6470000, 0x00000224c8470000)

Polling page: 0x00000224afde0000

Metaspace:

Usage:
  Non-class:     87.35 MB used.
      Class:      9.68 MB used.
       Both:     97.02 MB used.

Virtual space:
  Non-class space:      128.00 MB reserved,      88.25 MB ( 69%) committed,  2 nodes.
      Class space:        1.00 GB reserved,      10.50 MB (  1%) committed,  1 nodes.
             Both:        1.12 GB reserved,      98.75 MB (  9%) committed. 

Chunk freelists:
   Non-Class:  7.50 MB
       Class:  5.39 MB
        Both:  12.89 MB

MaxMetaspaceSize: unlimited
CompressedClassSpaceSize: 1.00 GB
Initial GC threshold: 21.00 MB
Current GC threshold: 163.88 MB
CDS: on
 - commit_granule_bytes: 65536.
 - commit_granule_words: 8192.
 - virtual_space_node_default_size: 8388608.
 - enlarge_chunks_in_place: 1.
 - use_allocation_guard: 0.


Internal statistics:

num_allocs_failed_limit: 9.
num_arena_births: 2018.
num_arena_deaths: 454.
num_vsnodes_births: 3.
num_vsnodes_deaths: 0.
num_space_committed: 1582.
num_space_uncommitted: 2.
num_chunks_returned_to_freelist: 576.
num_chunks_taken_from_freelist: 7211.
num_chunk_merges: 153.
num_chunk_splits: 4133.
num_chunks_enlarged: 2217.
num_inconsistent_stats: 0.

CodeHeap 'non-profiled nmethods': size=120000Kb used=25754Kb max_used=26609Kb free=94245Kb
 bounds [0x00000224bcc90000, 0x00000224be690000, 0x00000224c41c0000]
CodeHeap 'profiled nmethods': size=120000Kb used=42225Kb max_used=51361Kb free=77774Kb
 bounds [0x00000224b51c0000, 0x00000224b83f0000, 0x00000224bc6f0000]
CodeHeap 'non-nmethods': size=5760Kb used=1552Kb max_used=1657Kb free=4207Kb
 bounds [0x00000224bc6f0000, 0x00000224bc960000, 0x00000224bcc90000]
CodeCache: size=245760Kb, used=69531Kb, max_used=79627Kb, free=176226Kb
 total_blobs=19341, nmethods=18481, adapters=760, full_count=0
Compilation: enabled, stopped_count=0, restarted_count=0

Compilation events (20 events):
Event: 7246.717 Thread 0x00000224b207bc20 30899       4       org.eclipse.core.internal.preferences.PreferencesService$1::run (171 bytes)
Event: 7246.753 Thread 0x00000224b207bc20 nmethod 30899 0x00000224be2af410 code [0x00000224be2af660, 0x00000224be2b0238]
Event: 7248.310 Thread 0x00000224b2084670 30900       3       org.eclipse.jdt.internal.compiler.ast.FakedTrackingVariable$IteratorForReporting::setUpForStage (19 bytes)
Event: 7248.311 Thread 0x00000224b2084670 nmethod 30900 0x00000224b5e0f990 code [0x00000224b5e0fb40, 0x00000224b5e0fd60]
Event: 7279.889 Thread 0x00000224b207bc20 30901       4       java.lang.ClassLoader::getBuiltinPlatformClassLoader (4 bytes)
Event: 7279.891 Thread 0x00000224b207bc20 nmethod 30901 0x00000224bd5df110 code [0x00000224bd5df2a0, 0x00000224bd5df310]
Event: 7399.905 Thread 0x00000224b207bc20 30902       4       java.lang.ClassLoader::getPlatformClassLoader (21 bytes)
Event: 7399.908 Thread 0x00000224b207bc20 nmethod 30902 0x00000224bd5e5a90 code [0x00000224bd5e5c20, 0x00000224bd5e5c90]
Event: 7650.482 Thread 0x00000224b2084670 30903   !   3       org.eclipse.osgi.container.ModuleDatabase::getTimestamp (25 bytes)
Event: 7651.419 Thread 0x00000224b2084670 nmethod 30903 0x00000224b57da210 code [0x00000224b57da460, 0x00000224b57dada8]
Event: 7740.377 Thread 0x00000224b2084670 30904       3       org.eclipse.osgi.storage.Storage::isReadOnly (10 bytes)
Event: 7740.401 Thread 0x00000224b2084670 nmethod 30904 0x00000224b655de10 code [0x00000224b655dfc0, 0x00000224b655e140]
Event: 7770.391 Thread 0x00000224b207bc20 30905       4       java.util.concurrent.locks.AbstractQueuedSynchronizer$ConditionObject::canReacquire (38 bytes)
Event: 7770.413 Thread 0x00000224b207bc20 nmethod 30905 0x00000224bd4b9690 code [0x00000224bd4b9820, 0x00000224bd4b9900]
Event: 8010.436 Thread 0x00000224b2084670 30906   !   3       org.eclipse.osgi.internal.framework.StorageSaver$StorageSaverTask::run (31 bytes)
Event: 8010.484 Thread 0x00000224b2084670 nmethod 30906 0x00000224b69abf10 code [0x00000224b69ac0e0, 0x00000224b69ac380]
Event: 8010.484 Thread 0x00000224b2084670 30907   !   3       org.eclipse.osgi.storage.Storage::save (62 bytes)
Event: 8010.491 Thread 0x00000224b2084670 nmethod 30907 0x00000224b6888d90 code [0x00000224b6888f80, 0x00000224b68892f0]
Event: 8013.933 Thread 0x00000224b207bc20 30908       4       java.util.concurrent.ThreadPoolExecutor::runStateAtLeast (11 bytes)
Event: 8013.943 Thread 0x00000224b207bc20 nmethod 30908 0x00000224bd5eca90 code [0x00000224bd5ecc00, 0x00000224bd5ecc78]

GC Heap History (20 events):
Event: 7246.164 GC heap before
{Heap before GC invocations=2611 (full 8):
 PSYoungGen      total 12288K, used 11167K [0x00000000d5580000, 0x00000000d6780000, 0x0000000100000000)
  eden space 10240K, 100% used [0x00000000d5580000,0x00000000d5f80000,0x00000000d5f80000)
  from space 2048K, 45% used [0x00000000d6400000,0x00000000d64e7d80,0x00000000d6600000)
  to   space 1536K, 0% used [0x00000000d6600000,0x00000000d6600000,0x00000000d6780000)
 ParOldGen       total 892928K, used 892508K [0x0000000080000000, 0x00000000b6800000, 0x00000000d5580000)
  object space 892928K, 99% used [0x0000000080000000,0x00000000b6797170,0x00000000b6800000)
 Metaspace       used 99344K, committed 101120K, reserved 1179648K
  class space    used 9908K, committed 10752K, reserved 1048576K
}
Event: 7246.178 GC heap after
{Heap after GC invocations=2611 (full 8):
 PSYoungGen      total 11776K, used 1250K [0x00000000d5580000, 0x00000000d6780000, 0x0000000100000000)
  eden space 10240K, 0% used [0x00000000d5580000,0x00000000d5580000,0x00000000d5f80000)
  from space 1536K, 81% used [0x00000000d6600000,0x00000000d6738830,0x00000000d6780000)
  to   space 1536K, 0% used [0x00000000d6480000,0x00000000d6480000,0x00000000d6600000)
 ParOldGen       total 893440K, used 893275K [0x0000000080000000, 0x00000000b6880000, 0x00000000d5580000)
  object space 893440K, 99% used [0x0000000080000000,0x00000000b6856ef0,0x00000000b6880000)
 Metaspace       used 99344K, committed 101120K, reserved 1179648K
  class space    used 9908K, committed 10752K, reserved 1048576K
}
Event: 7246.306 GC heap before
{Heap before GC invocations=2612 (full 8):
 PSYoungGen      total 11776K, used 11490K [0x00000000d5580000, 0x00000000d6780000, 0x0000000100000000)
  eden space 10240K, 100% used [0x00000000d5580000,0x00000000d5f80000,0x00000000d5f80000)
  from space 1536K, 81% used [0x00000000d6600000,0x00000000d6738830,0x00000000d6780000)
  to   space 1536K, 0% used [0x00000000d6480000,0x00000000d6480000,0x00000000d6600000)
 ParOldGen       total 893440K, used 893275K [0x0000000080000000, 0x00000000b6880000, 0x00000000d5580000)
  object space 893440K, 99% used [0x0000000080000000,0x00000000b6856ef0,0x00000000b6880000)
 Metaspace       used 99344K, committed 101120K, reserved 1179648K
  class space    used 9908K, committed 10752K, reserved 1048576K
}
Event: 7246.312 GC heap after
{Heap after GC invocations=2612 (full 8):
 PSYoungGen      total 11264K, used 1024K [0x00000000d5580000, 0x00000000d6680000, 0x0000000100000000)
  eden space 10240K, 0% used [0x00000000d5580000,0x00000000d5580000,0x00000000d5f80000)
  from space 1024K, 100% used [0x00000000d6480000,0x00000000d6580000,0x00000000d6580000)
  to   space 1024K, 0% used [0x00000000d6580000,0x00000000d6580000,0x00000000d6680000)
 ParOldGen       total 894464K, used 894358K [0x0000000080000000, 0x00000000b6980000, 0x00000000d5580000)
  object space 894464K, 99% used [0x0000000080000000,0x00000000b6965b10,0x00000000b6980000)
 Metaspace       used 99344K, committed 101120K, reserved 1179648K
  class space    used 9908K, committed 10752K, reserved 1048576K
}
Event: 7246.487 GC heap before
{Heap before GC invocations=2613 (full 8):
 PSYoungGen      total 11264K, used 11264K [0x00000000d5580000, 0x00000000d6680000, 0x0000000100000000)
  eden space 10240K, 100% used [0x00000000d5580000,0x00000000d5f80000,0x00000000d5f80000)
  from space 1024K, 100% used [0x00000000d6480000,0x00000000d6580000,0x00000000d6580000)
  to   space 1024K, 0% used [0x00000000d6580000,0x00000000d6580000,0x00000000d6680000)
 ParOldGen       total 894464K, used 894358K [0x0000000080000000, 0x00000000b6980000, 0x00000000d5580000)
  object space 894464K, 99% used [0x0000000080000000,0x00000000b6965b10,0x00000000b6980000)
 Metaspace       used 99345K, committed 101120K, reserved 1179648K
  class space    used 9908K, committed 10752K, reserved 1048576K
}
Event: 7246.494 GC heap after
{Heap after GC invocations=2613 (full 8):
 PSYoungGen      total 11264K, used 1017K [0x00000000d5580000, 0x00000000d6680000, 0x0000000100000000)
  eden space 10240K, 0% used [0x00000000d5580000,0x00000000d5580000,0x00000000d5f80000)
  from space 1024K, 99% used [0x00000000d6580000,0x00000000d667e430,0x00000000d6680000)
  to   space 2560K, 0% used [0x00000000d6180000,0x00000000d6180000,0x00000000d6400000)
 ParOldGen       total 896000K, used 895493K [0x0000000080000000, 0x00000000b6b00000, 0x00000000d5580000)
  object space 896000K, 99% used [0x0000000080000000,0x00000000b6a81698,0x00000000b6b00000)
 Metaspace       used 99345K, committed 101120K, reserved 1179648K
  class space    used 9908K, committed 10752K, reserved 1048576K
}
Event: 7246.686 GC heap before
{Heap before GC invocations=2614 (full 8):
 PSYoungGen      total 11264K, used 11257K [0x00000000d5580000, 0x00000000d6680000, 0x0000000100000000)
  eden space 10240K, 100% used [0x00000000d5580000,0x00000000d5f80000,0x00000000d5f80000)
  from space 1024K, 99% used [0x00000000d6580000,0x00000000d667e430,0x00000000d6680000)
  to   space 2560K, 0% used [0x00000000d6180000,0x00000000d6180000,0x00000000d6400000)
 ParOldGen       total 896000K, used 895493K [0x0000000080000000, 0x00000000b6b00000, 0x00000000d5580000)
  object space 896000K, 99% used [0x0000000080000000,0x00000000b6a81698,0x00000000b6b00000)
 Metaspace       used 99346K, committed 101120K, reserved 1179648K
  class space    used 9908K, committed 10752K, reserved 1048576K
}
Event: 7246.691 GC heap after
{Heap after GC invocations=2614 (full 8):
 PSYoungGen      total 12800K, used 1268K [0x00000000d5580000, 0x00000000d6600000, 0x0000000100000000)
  eden space 10240K, 0% used [0x00000000d5580000,0x00000000d5580000,0x00000000d5f80000)
  from space 2560K, 49% used [0x00000000d6180000,0x00000000d62bd200,0x00000000d6400000)
  to   space 2048K, 0% used [0x00000000d6400000,0x00000000d6400000,0x00000000d6600000)
 ParOldGen       total 897024K, used 896532K [0x0000000080000000, 0x00000000b6c00000, 0x00000000d5580000)
  object space 897024K, 99% used [0x0000000080000000,0x00000000b6b85358,0x00000000b6c00000)
 Metaspace       used 99346K, committed 101120K, reserved 1179648K
  class space    used 9908K, committed 10752K, reserved 1048576K
}
Event: 7246.725 GC heap before
{Heap before GC invocations=2615 (full 8):
 PSYoungGen      total 12800K, used 11508K [0x00000000d5580000, 0x00000000d6600000, 0x0000000100000000)
  eden space 10240K, 100% used [0x00000000d5580000,0x00000000d5f80000,0x00000000d5f80000)
  from space 2560K, 49% used [0x00000000d6180000,0x00000000d62bd200,0x00000000d6400000)
  to   space 2048K, 0% used [0x00000000d6400000,0x00000000d6400000,0x00000000d6600000)
 ParOldGen       total 897024K, used 896532K [0x0000000080000000, 0x00000000b6c00000, 0x00000000d5580000)
  object space 897024K, 99% used [0x0000000080000000,0x00000000b6b85358,0x00000000b6c00000)
 Metaspace       used 99346K, committed 101120K, reserved 1179648K
  class space    used 9908K, committed 10752K, reserved 1048576K
}
Event: 7246.730 GC heap after
{Heap after GC invocations=2615 (full 8):
 PSYoungGen      total 11264K, used 794K [0x00000000d5580000, 0x00000000d6500000, 0x0000000100000000)
  eden space 10240K, 0% used [0x00000000d5580000,0x00000000d5580000,0x00000000d5f80000)
  from space 1024K, 77% used [0x00000000d6400000,0x00000000d64c6900,0x00000000d6500000)
  to   space 1024K, 0% used [0x00000000d6300000,0x00000000d6300000,0x00000000d6400000)
 ParOldGen       total 897024K, used 896998K [0x0000000080000000, 0x00000000b6c00000, 0x00000000d5580000)
  object space 897024K, 99% used [0x0000000080000000,0x00000000b6bf9ae8,0x00000000b6c00000)
 Metaspace       used 99346K, committed 101120K, reserved 1179648K
  class space    used 9908K, committed 10752K, reserved 1048576K
}
Event: 7247.648 GC heap before
{Heap before GC invocations=2616 (full 8):
 PSYoungGen      total 11264K, used 11034K [0x00000000d5580000, 0x00000000d6500000, 0x0000000100000000)
  eden space 10240K, 100% used [0x00000000d5580000,0x00000000d5f80000,0x00000000d5f80000)
  from space 1024K, 77% used [0x00000000d6400000,0x00000000d64c6900,0x00000000d6500000)
  to   space 1024K, 0% used [0x00000000d6300000,0x00000000d6300000,0x00000000d6400000)
 ParOldGen       total 897024K, used 896998K [0x0000000080000000, 0x00000000b6c00000, 0x00000000d5580000)
  object space 897024K, 99% used [0x0000000080000000,0x00000000b6bf9ae8,0x00000000b6c00000)
 Metaspace       used 99346K, committed 101120K, reserved 1179648K
  class space    used 9908K, committed 10752K, reserved 1048576K
}
Event: 7247.651 GC heap after
{Heap after GC invocations=2616 (full 8):
 PSYoungGen      total 11264K, used 825K [0x00000000d5580000, 0x00000000d6480000, 0x0000000100000000)
  eden space 10240K, 0% used [0x00000000d5580000,0x00000000d5580000,0x00000000d5f80000)
  from space 1024K, 80% used [0x00000000d6300000,0x00000000d63ce410,0x00000000d6400000)
  to   space 512K, 0% used [0x00000000d6400000,0x00000000d6400000,0x00000000d6480000)
 ParOldGen       total 897024K, used 897014K [0x0000000080000000, 0x00000000b6c00000, 0x00000000d5580000)
  object space 897024K, 99% used [0x0000000080000000,0x00000000b6bfdae8,0x00000000b6c00000)
 Metaspace       used 99346K, committed 101120K, reserved 1179648K
  class space    used 9908K, committed 10752K, reserved 1048576K
}
Event: 7247.689 GC heap before
{Heap before GC invocations=2617 (full 8):
 PSYoungGen      total 11264K, used 11065K [0x00000000d5580000, 0x00000000d6480000, 0x0000000100000000)
  eden space 10240K, 100% used [0x00000000d5580000,0x00000000d5f80000,0x00000000d5f80000)
  from space 1024K, 80% used [0x00000000d6300000,0x00000000d63ce410,0x00000000d6400000)
  to   space 512K, 0% used [0x00000000d6400000,0x00000000d6400000,0x00000000d6480000)
 ParOldGen       total 897024K, used 897014K [0x0000000080000000, 0x00000000b6c00000, 0x00000000d5580000)
  object space 897024K, 99% used [0x0000000080000000,0x00000000b6bfdae8,0x00000000b6c00000)
 Metaspace       used 99346K, committed 101120K, reserved 1179648K
  class space    used 9908K, committed 10752K, reserved 1048576K
}
Event: 7247.693 GC heap after
{Heap after GC invocations=2617 (full 8):
 PSYoungGen      total 10752K, used 505K [0x00000000d5580000, 0x00000000d6480000, 0x0000000100000000)
  eden space 10240K, 0% used [0x00000000d5580000,0x00000000d5580000,0x00000000d5f80000)
  from space 512K, 98% used [0x00000000d6400000,0x00000000d647e410,0x00000000d6480000)
  to   space 1536K, 0% used [0x00000000d6180000,0x00000000d6180000,0x00000000d6300000)
 ParOldGen       total 898048K, used 897879K [0x0000000080000000, 0x00000000b6d00000, 0x00000000d5580000)
  object space 898048K, 99% used [0x0000000080000000,0x00000000b6cd5ef8,0x00000000b6d00000)
 Metaspace       used 99346K, committed 101120K, reserved 1179648K
  class space    used 9908K, committed 10752K, reserved 1048576K
}
Event: 7247.705 GC heap before
{Heap before GC invocations=2618 (full 8):
 PSYoungGen      total 10752K, used 10745K [0x00000000d5580000, 0x00000000d6480000, 0x0000000100000000)
  eden space 10240K, 100% used [0x00000000d5580000,0x00000000d5f80000,0x00000000d5f80000)
  from space 512K, 98% used [0x00000000d6400000,0x00000000d647e410,0x00000000d6480000)
  to   space 1536K, 0% used [0x00000000d6180000,0x00000000d6180000,0x00000000d6300000)
 ParOldGen       total 898048K, used 897879K [0x0000000080000000, 0x00000000b6d00000, 0x00000000d5580000)
  object space 898048K, 99% used [0x0000000080000000,0x00000000b6cd5ef8,0x00000000b6d00000)
 Metaspace       used 99346K, committed 101120K, reserved 1179648K
  class space    used 9908K, committed 10752K, reserved 1048576K
}
Event: 7247.710 GC heap after
{Heap after GC invocations=2618 (full 8):
 PSYoungGen      total 11776K, used 921K [0x00000000d5580000, 0x00000000d6480000, 0x0000000100000000)
  eden space 10240K, 0% used [0x00000000d5580000,0x00000000d5580000,0x00000000d5f80000)
  from space 1536K, 59% used [0x00000000d6180000,0x00000000d6266410,0x00000000d6300000)
  to   space 1536K, 0% used [0x00000000d6300000,0x00000000d6300000,0x00000000d6480000)
 ParOldGen       total 898560K, used 898424K [0x0000000080000000, 0x00000000b6d80000, 0x00000000d5580000)
  object space 898560K, 99% used [0x0000000080000000,0x00000000b6d5e308,0x00000000b6d80000)
 Metaspace       used 99346K, committed 101120K, reserved 1179648K
  class space    used 9908K, committed 10752K, reserved 1048576K
}
Event: 7248.298 GC heap before
{Heap before GC invocations=2619 (full 8):
 PSYoungGen      total 11776K, used 11161K [0x00000000d5580000, 0x00000000d6480000, 0x0000000100000000)
  eden space 10240K, 100% used [0x00000000d5580000,0x00000000d5f80000,0x00000000d5f80000)
  from space 1536K, 59% used [0x00000000d6180000,0x00000000d6266410,0x00000000d6300000)
  to   space 1536K, 0% used [0x00000000d6300000,0x00000000d6300000,0x00000000d6480000)
 ParOldGen       total 898560K, used 898424K [0x0000000080000000, 0x00000000b6d80000, 0x00000000d5580000)
  object space 898560K, 99% used [0x0000000080000000,0x00000000b6d5e308,0x00000000b6d80000)
 Metaspace       used 99346K, committed 101120K, reserved 1179648K
  class space    used 9908K, committed 10752K, reserved 1048576K
}
Event: 7248.302 GC heap after
{Heap after GC invocations=2619 (full 8):
 PSYoungGen      total 11264K, used 948K [0x00000000d5580000, 0x00000000d6400000, 0x0000000100000000)
  eden space 10240K, 0% used [0x00000000d5580000,0x00000000d5580000,0x00000000d5f80000)
  from space 1024K, 92% used [0x00000000d6300000,0x00000000d63ed200,0x00000000d6400000)
  to   space 1024K, 0% used [0x00000000d6200000,0x00000000d6200000,0x00000000d6300000)
 ParOldGen       total 899584K, used 899145K [0x0000000080000000, 0x00000000b6e80000, 0x00000000d5580000)
  object space 899584K, 99% used [0x0000000080000000,0x00000000b6e12718,0x00000000b6e80000)
 Metaspace       used 99346K, committed 101120K, reserved 1179648K
  class space    used 9908K, committed 10752K, reserved 1048576K
}
Event: 7248.316 GC heap before
{Heap before GC invocations=2620 (full 8):
 PSYoungGen      total 11264K, used 11188K [0x00000000d5580000, 0x00000000d6400000, 0x0000000100000000)
  eden space 10240K, 100% used [0x00000000d5580000,0x00000000d5f80000,0x00000000d5f80000)
  from space 1024K, 92% used [0x00000000d6300000,0x00000000d63ed200,0x00000000d6400000)
  to   space 1024K, 0% used [0x00000000d6200000,0x00000000d6200000,0x00000000d6300000)
 ParOldGen       total 899584K, used 899145K [0x0000000080000000, 0x00000000b6e80000, 0x00000000d5580000)
  object space 899584K, 99% used [0x0000000080000000,0x00000000b6e12718,0x00000000b6e80000)
 Metaspace       used 99346K, committed 101120K, reserved 1179648K
  class space    used 9908K, committed 10752K, reserved 1048576K
}
Event: 7248.320 GC heap after
{Heap after GC invocations=2620 (full 8):
 PSYoungGen      total 11264K, used 570K [0x00000000d5580000, 0x00000000d6380000, 0x0000000100000000)
  eden space 10240K, 0% used [0x00000000d5580000,0x00000000d5580000,0x00000000d5f80000)
  from space 1024K, 55% used [0x00000000d6200000,0x00000000d628e900,0x00000000d6300000)
  to   space 512K, 0% used [0x00000000d6300000,0x00000000d6300000,0x00000000d6380000)
 ParOldGen       total 899584K, used 899509K [0x0000000080000000, 0x00000000b6e80000, 0x00000000d5580000)
  object space 899584K, 99% used [0x0000000080000000,0x00000000b6e6d728,0x00000000b6e80000)
 Metaspace       used 99346K, committed 101120K, reserved 1179648K
  class space    used 9908K, committed 10752K, reserved 1048576K
}

Dll operation events (12 events):
Event: 0.024 Loaded shared library c:\Users\USER\.vscode\extensions\redhat.java-1.46.0-win32-x64\jre\21.0.8-win32-x86_64\bin\java.dll
Event: 0.149 Loaded shared library c:\Users\USER\.vscode\extensions\redhat.java-1.46.0-win32-x64\jre\21.0.8-win32-x86_64\bin\zip.dll
Event: 0.172 Loaded shared library C:\Users\USER\.vscode\extensions\redhat.java-1.46.0-win32-x64\jre\21.0.8-win32-x86_64\bin\instrument.dll
Event: 0.177 Loaded shared library C:\Users\USER\.vscode\extensions\redhat.java-1.46.0-win32-x64\jre\21.0.8-win32-x86_64\bin\net.dll
Event: 0.180 Loaded shared library C:\Users\USER\.vscode\extensions\redhat.java-1.46.0-win32-x64\jre\21.0.8-win32-x86_64\bin\nio.dll
Event: 0.185 Loaded shared library C:\Users\USER\.vscode\extensions\redhat.java-1.46.0-win32-x64\jre\21.0.8-win32-x86_64\bin\zip.dll
Event: 0.216 Loaded shared library C:\Users\USER\.vscode\extensions\redhat.java-1.46.0-win32-x64\jre\21.0.8-win32-x86_64\bin\jimage.dll
Event: 0.386 Loaded shared library c:\Users\USER\.vscode\extensions\redhat.java-1.46.0-win32-x64\jre\21.0.8-win32-x86_64\bin\verify.dll
Event: 14.164 Loaded shared library C:\Users\USER\AppData\Roaming\Code\User\globalStorage\redhat.java\1.46.0\config_win\org.eclipse.equinox.launcher\org.eclipse.equinox.launcher.win32.win32.x86_64_1.2.1400.v20250801-0854\eclipse_11916.dll
Event: 49.043 Loaded shared library C:\Users\USER\AppData\Local\Temp\jna--2056905223\jna2929767757872205028.dll
Event: 51.719 Loaded shared library C:\Users\USER\.vscode\extensions\redhat.java-1.46.0-win32-x64\jre\21.0.8-win32-x86_64\bin\sunmscapi.dll
Event: 52.737 Loaded shared library C:\Users\USER\.vscode\extensions\redhat.java-1.46.0-win32-x64\jre\21.0.8-win32-x86_64\bin\extnet.dll

Deoptimization events (20 events):
Event: 7237.737 Thread 0x0000022514d87300 Uncommon trap: trap_request=0xffffffd6 fr.pc=0x00000224be64d4ec relative=0x0000000000000e4c
Event: 7237.737 Thread 0x0000022514d87300 Uncommon trap: reason=array_check action=maybe_recompile pc=0x00000224be64d4ec method=org.eclipse.jdt.internal.corext.refactoring.code.flow.FlowContext.manageLocal(Lorg/eclipse/jdt/core/dom/IVariableBinding;)V @ 34 c2
Event: 7237.737 Thread 0x0000022514d87300 DEOPT PACKING pc=0x00000224be64d4ec sp=0x0000008de7efe350
Event: 7237.738 Thread 0x0000022514d87300 DEOPT UNPACKING pc=0x00000224bc746da2 sp=0x0000008de7efe248 mode 2
Event: 7237.740 Thread 0x0000022514d87300 Uncommon trap: trap_request=0xffffffd6 fr.pc=0x00000224be64d4ec relative=0x0000000000000e4c
Event: 7237.740 Thread 0x0000022514d87300 Uncommon trap: reason=array_check action=maybe_recompile pc=0x00000224be64d4ec method=org.eclipse.jdt.internal.corext.refactoring.code.flow.FlowContext.manageLocal(Lorg/eclipse/jdt/core/dom/IVariableBinding;)V @ 34 c2
Event: 7237.740 Thread 0x0000022514d87300 DEOPT PACKING pc=0x00000224be64d4ec sp=0x0000008de7efe1e0
Event: 7237.740 Thread 0x0000022514d87300 DEOPT UNPACKING pc=0x00000224bc746da2 sp=0x0000008de7efe0d8 mode 2
Event: 7237.742 Thread 0x0000022514d87300 Uncommon trap: trap_request=0xffffffd6 fr.pc=0x00000224be64d4ec relative=0x0000000000000e4c
Event: 7237.742 Thread 0x0000022514d87300 Uncommon trap: reason=array_check action=maybe_recompile pc=0x00000224be64d4ec method=org.eclipse.jdt.internal.corext.refactoring.code.flow.FlowContext.manageLocal(Lorg/eclipse/jdt/core/dom/IVariableBinding;)V @ 34 c2
Event: 7237.742 Thread 0x0000022514d87300 DEOPT PACKING pc=0x00000224be64d4ec sp=0x0000008de7efe280
Event: 7237.742 Thread 0x0000022514d87300 DEOPT UNPACKING pc=0x00000224bc746da2 sp=0x0000008de7efe178 mode 2
Event: 7237.748 Thread 0x0000022514d87300 Uncommon trap: trap_request=0xffffff45 fr.pc=0x00000224be6051b8 relative=0x00000000000000f8
Event: 7237.748 Thread 0x0000022514d87300 Uncommon trap: reason=unstable_if action=reinterpret pc=0x00000224be6051b8 method=org.eclipse.jdt.internal.corext.refactoring.code.flow.FlowContext.computeArguments()Z @ 7 c2
Event: 7237.748 Thread 0x0000022514d87300 DEOPT PACKING pc=0x00000224be6051b8 sp=0x0000008de7efe290
Event: 7237.748 Thread 0x0000022514d87300 DEOPT UNPACKING pc=0x00000224bc746da2 sp=0x0000008de7efe1c8 mode 2
Event: 7237.916 Thread 0x0000022514d87300 Uncommon trap: trap_request=0xffffff45 fr.pc=0x00000224be5df76c relative=0x00000000000010cc
Event: 7237.916 Thread 0x0000022514d87300 Uncommon trap: reason=unstable_if action=reinterpret pc=0x00000224be5df76c method=org.eclipse.jdt.internal.corext.refactoring.code.SnippetFinder$Matcher.match(Lorg/eclipse/jdt/core/dom/SimpleName;Ljava/lang/Object;)Z @ 70 c2
Event: 7237.916 Thread 0x0000022514d87300 DEOPT PACKING pc=0x00000224be5df76c sp=0x0000008de7efdf60
Event: 7237.916 Thread 0x0000022514d87300 DEOPT UNPACKING pc=0x00000224bc746da2 sp=0x0000008de7efdeb0 mode 2

Classes loaded (20 events):
Event: 2474.379 Loading class java/lang/Throwable$PrintStreamOrWriter done
Event: 2474.379 Loading class java/lang/Throwable$WrappedPrintWriter done
Event: 2623.033 Loading class java/util/stream/Nodes$CollectorTask$OfRef
Event: 2623.043 Loading class java/util/stream/Nodes$CollectorTask
Event: 2623.194 Loading class java/util/stream/Nodes$CollectorTask done
Event: 2623.194 Loading class java/util/stream/Nodes$CollectorTask$OfRef done
Event: 2623.259 Loading class java/util/function/LongFunction
Event: 2623.261 Loading class java/util/function/LongFunction done
Event: 2623.266 Loading class java/util/stream/Nodes$ConcNode
Event: 2623.268 Loading class java/util/stream/Nodes$AbstractConcNode
Event: 2623.272 Loading class java/util/stream/Nodes$AbstractConcNode done
Event: 2623.272 Loading class java/util/stream/Nodes$ConcNode done
Event: 3380.458 Loading class java/util/Spliterators$IntArraySpliterator
Event: 3380.460 Loading class java/util/Spliterators$IntArraySpliterator done
Event: 3430.966 Loading class java/nio/channels/CompletionHandler
Event: 3430.967 Loading class java/nio/channels/CompletionHandler done
Event: 3506.743 Loading class java/io/CharArrayReader
Event: 3506.743 Loading class java/io/CharArrayReader done
Event: 3506.744 Loading class java/util/regex/Pattern$Bound
Event: 3506.744 Loading class java/util/regex/Pattern$Bound done

Classes unloaded (20 events):
Event: 3757.779 Thread 0x00000224b1f64950 Unloading class 0x00000224ca8e9c00 'java/lang/invoke/LambdaForm$MH+0x00000224ca8e9c00'
Event: 3757.779 Thread 0x00000224b1f64950 Unloading class 0x00000224ca8e9800 'java/lang/invoke/LambdaForm$MH+0x00000224ca8e9800'
Event: 3757.779 Thread 0x00000224b1f64950 Unloading class 0x00000224ca8e9400 'java/lang/invoke/LambdaForm$MH+0x00000224ca8e9400'
Event: 3757.779 Thread 0x00000224b1f64950 Unloading class 0x00000224ca8e8800 'java/lang/invoke/LambdaForm$MH+0x00000224ca8e8800'
Event: 3757.779 Thread 0x00000224b1f64950 Unloading class 0x00000224ca8e8400 'java/lang/invoke/LambdaForm$MH+0x00000224ca8e8400'
Event: 3757.779 Thread 0x00000224b1f64950 Unloading class 0x00000224ca8e8000 'java/lang/invoke/LambdaForm$MH+0x00000224ca8e8000'
Event: 3757.779 Thread 0x00000224b1f64950 Unloading class 0x00000224ca8e7c00 'java/lang/invoke/LambdaForm$MH+0x00000224ca8e7c00'
Event: 3757.779 Thread 0x00000224b1f64950 Unloading class 0x00000224ca8e7800 'java/lang/invoke/LambdaForm$MH+0x00000224ca8e7800'
Event: 3757.779 Thread 0x00000224b1f64950 Unloading class 0x00000224ca8e7400 'java/lang/invoke/LambdaForm$MH+0x00000224ca8e7400'
Event: 3757.779 Thread 0x00000224b1f64950 Unloading class 0x00000224ca8e7000 'java/lang/invoke/LambdaForm$MH+0x00000224ca8e7000'
Event: 3757.779 Thread 0x00000224b1f64950 Unloading class 0x00000224ca8e6c00 'java/lang/invoke/LambdaForm$MH+0x00000224ca8e6c00'
Event: 3757.779 Thread 0x00000224b1f64950 Unloading class 0x00000224ca8e6400 'java/lang/invoke/LambdaForm$MH+0x00000224ca8e6400'
Event: 3757.779 Thread 0x00000224b1f64950 Unloading class 0x00000224ca8e5400 'java/lang/invoke/LambdaForm$MH+0x00000224ca8e5400'
Event: 3757.780 Thread 0x00000224b1f64950 Unloading class 0x00000224ca8e5000 'java/lang/invoke/LambdaForm$MH+0x00000224ca8e5000'
Event: 3757.780 Thread 0x00000224b1f64950 Unloading class 0x00000224ca8d1000 'java/lang/invoke/LambdaForm$MH+0x00000224ca8d1000'
Event: 3757.780 Thread 0x00000224b1f64950 Unloading class 0x00000224ca8d0c00 'java/lang/invoke/LambdaForm$MH+0x00000224ca8d0c00'
Event: 3757.780 Thread 0x00000224b1f64950 Unloading class 0x00000224ca8d0800 'java/lang/invoke/LambdaForm$MH+0x00000224ca8d0800'
Event: 3757.780 Thread 0x00000224b1f64950 Unloading class 0x00000224ca23c000 'java/lang/invoke/LambdaForm$MH+0x00000224ca23c000'
Event: 3757.780 Thread 0x00000224b1f64950 Unloading class 0x00000224ca239c00 'java/lang/invoke/LambdaForm$MH+0x00000224ca239c00'
Event: 3757.780 Thread 0x00000224b1f64950 Unloading class 0x00000224ca239000 'java/lang/invoke/LambdaForm$MH+0x00000224ca239000'

Classes redefined (0 events):
No events

Internal exceptions (20 events):
Event: 3754.045 Thread 0x0000022512d5cbb0 Exception <a 'java/lang/ClassNotFoundException'{0x00000000d59dc228}: sun/net/www/protocol/jdt/Handler> (0x00000000d59dc228) 
thrown [s\src\hotspot\share\classfile\systemDictionary.cpp, line 312]
Event: 3757.583 Thread 0x0000022510f905f0 Exception <a 'sun/nio/fs/WindowsException'{0x00000000d580e318}> (0x00000000d580e318) 
thrown [s\src\hotspot\share\prims\jni.cpp, line 520]
Event: 3759.265 Thread 0x0000022510f905f0 Exception <a 'sun/nio/fs/WindowsException'{0x00000000d59e7740}> (0x00000000d59e7740) 
thrown [s\src\hotspot\share\prims\jni.cpp, line 520]
Event: 3775.520 Thread 0x0000022510f905f0 Exception <a 'sun/nio/fs/WindowsException'{0x00000000d6033918}> (0x00000000d6033918) 
thrown [s\src\hotspot\share\prims\jni.cpp, line 520]
Event: 3775.922 Thread 0x0000022510f905f0 Exception <a 'sun/nio/fs/WindowsException'{0x00000000d5739160}> (0x00000000d5739160) 
thrown [s\src\hotspot\share\prims\jni.cpp, line 520]
Event: 3802.849 Thread 0x0000022510f905f0 Exception <a 'sun/nio/fs/WindowsException'{0x00000000d6645e08}> (0x00000000d6645e08) 
thrown [s\src\hotspot\share\prims\jni.cpp, line 520]
Event: 3803.210 Thread 0x0000022510f905f0 Exception <a 'sun/nio/fs/WindowsException'{0x00000000d55fd830}> (0x00000000d55fd830) 
thrown [s\src\hotspot\share\prims\jni.cpp, line 520]
Event: 3862.252 Thread 0x0000022510f905f0 Exception <a 'sun/nio/fs/WindowsException'{0x00000000d5f0b0c8}> (0x00000000d5f0b0c8) 
thrown [s\src\hotspot\share\prims\jni.cpp, line 520]
Event: 3862.903 Thread 0x0000022510f905f0 Exception <a 'sun/nio/fs/WindowsException'{0x00000000d575e308}> (0x00000000d575e308) 
thrown [s\src\hotspot\share\prims\jni.cpp, line 520]
Event: 4057.614 Thread 0x0000022512d613e0 Exception <a 'sun/nio/fs/WindowsException'{0x00000000d594ce18}> (0x00000000d594ce18) 
thrown [s\src\hotspot\share\prims\jni.cpp, line 520]
Event: 4057.616 Thread 0x0000022512d613e0 Exception <a 'sun/nio/fs/WindowsException'{0x00000000d594d938}> (0x00000000d594d938) 
thrown [s\src\hotspot\share\prims\jni.cpp, line 520]
Event: 4248.718 Thread 0x0000022514d886b0 Implicit null exception at 0x00000224be540354 to 0x00000224be5418bc
Event: 4249.084 Thread 0x0000022514d886b0 Exception <a 'java/lang/ClassNotFoundException'{0x00000000d62fb7f8}: sun/net/www/protocol/jdt/Handler> (0x00000000d62fb7f8) 
thrown [s\src\hotspot\share\classfile\systemDictionary.cpp, line 312]
Event: 4249.085 Thread 0x0000022514d886b0 Exception <a 'java/lang/ClassNotFoundException'{0x00000000d62fe500}: sun/net/www/protocol/jdt/Handler> (0x00000000d62fe500) 
thrown [s\src\hotspot\share\classfile\systemDictionary.cpp, line 312]
Event: 4249.085 Thread 0x0000022514d886b0 Exception <a 'java/lang/ClassNotFoundException'{0x00000000d63034f0}: sun/net/www/protocol/jdt/Handler> (0x00000000d63034f0) 
thrown [s\src\hotspot\share\classfile\systemDictionary.cpp, line 312]
Event: 4249.086 Thread 0x0000022514d886b0 Exception <a 'java/lang/ClassNotFoundException'{0x00000000d6307c88}: sun/net/www/protocol/jdt/Handler> (0x00000000d6307c88) 
thrown [s\src\hotspot\share\classfile\systemDictionary.cpp, line 312]
Event: 4249.086 Thread 0x0000022514d886b0 Exception <a 'java/lang/ClassNotFoundException'{0x00000000d630a4a0}: sun/net/www/protocol/jdt/Handler> (0x00000000d630a4a0) 
thrown [s\src\hotspot\share\classfile\systemDictionary.cpp, line 312]
Event: 4249.086 Thread 0x0000022514d886b0 Exception <a 'java/lang/ClassNotFoundException'{0x00000000d630ccf8}: sun/net/www/protocol/jdt/Handler> (0x00000000d630ccf8) 
thrown [s\src\hotspot\share\classfile\systemDictionary.cpp, line 312]
Event: 4249.086 Thread 0x0000022514d886b0 Exception <a 'java/lang/ClassNotFoundException'{0x00000000d630f578}: sun/net/www/protocol/jdt/Handler> (0x00000000d630f578) 
thrown [s\src\hotspot\share\classfile\systemDictionary.cpp, line 312]
Event: 7237.916 Thread 0x0000022514d87300 Implicit null exception at 0x00000224be5de8e9 to 0x00000224be5df758

ZGC Phase Switch (0 events):
No events

VM Operations (20 events):
Event: 7681.882 Executing VM operation: HandshakeAllThreads (HandshakeForDeflation)
Event: 7681.884 Executing VM operation: HandshakeAllThreads (HandshakeForDeflation) done
Event: 7681.884 Executing VM operation: RendezvousGCThreads
Event: 7681.884 Executing VM operation: RendezvousGCThreads done
Event: 7742.087 Executing VM operation: HandshakeAllThreads (HandshakeForDeflation)
Event: 7742.087 Executing VM operation: HandshakeAllThreads (HandshakeForDeflation) done
Event: 7742.087 Executing VM operation: RendezvousGCThreads
Event: 7742.087 Executing VM operation: RendezvousGCThreads done
Event: 8463.559 Executing VM operation: HandshakeAllThreads (HandshakeForDeflation)
Event: 8463.561 Executing VM operation: HandshakeAllThreads (HandshakeForDeflation) done
Event: 8463.561 Executing VM operation: RendezvousGCThreads
Event: 8463.561 Executing VM operation: RendezvousGCThreads done
Event: 8583.820 Executing VM operation: HandshakeAllThreads (HandshakeForDeflation)
Event: 8583.820 Executing VM operation: HandshakeAllThreads (HandshakeForDeflation) done
Event: 8583.820 Executing VM operation: RendezvousGCThreads
Event: 8583.821 Executing VM operation: RendezvousGCThreads done
Event: 8643.908 Executing VM operation: HandshakeAllThreads (HandshakeForDeflation)
Event: 8643.908 Executing VM operation: HandshakeAllThreads (HandshakeForDeflation) done
Event: 8643.908 Executing VM operation: RendezvousGCThreads
Event: 8643.908 Executing VM operation: RendezvousGCThreads done

Memory protections (0 events):
No events

Nmethod flushes (20 events):
Event: 3758.218 Thread 0x00000224b1f64950 flushing  nmethod 0x00000224b82e1e10
Event: 3758.218 Thread 0x00000224b1f64950 flushing  nmethod 0x00000224b82e2710
Event: 3758.218 Thread 0x00000224b1f64950 flushing  nmethod 0x00000224b82e2a90
Event: 3758.218 Thread 0x00000224b1f64950 flushing  nmethod 0x00000224b82e3790
Event: 3758.218 Thread 0x00000224b1f64950 flushing  nmethod 0x00000224b82ecc90
Event: 3758.218 Thread 0x00000224b1f64950 flushing  nmethod 0x00000224b82f7610
Event: 3758.218 Thread 0x00000224b1f64950 flushing  nmethod 0x00000224b82f9d90
Event: 3758.218 Thread 0x00000224b1f64950 flushing  nmethod 0x00000224b82fa110
Event: 3758.218 Thread 0x00000224b1f64950 flushing  nmethod 0x00000224b8301290
Event: 3758.218 Thread 0x00000224b1f64950 flushing  nmethod 0x00000224b830fc10
Event: 3758.218 Thread 0x00000224b1f64950 flushing  nmethod 0x00000224b8319510
Event: 3758.218 Thread 0x00000224b1f64950 flushing  nmethod 0x00000224b831e210
Event: 3758.218 Thread 0x00000224b1f64950 flushing  nmethod 0x00000224b835fe10
Event: 3758.218 Thread 0x00000224b1f64950 flushing  nmethod 0x00000224b8360310
Event: 3758.218 Thread 0x00000224b1f64950 flushing  nmethod 0x00000224b8373b10
Event: 3758.218 Thread 0x00000224b1f64950 flushing  nmethod 0x00000224b8374a90
Event: 3758.218 Thread 0x00000224b1f64950 flushing  nmethod 0x00000224b838fc10
Event: 3758.218 Thread 0x00000224b1f64950 flushing  nmethod 0x00000224b8390d90
Event: 3758.218 Thread 0x00000224b1f64950 flushing  nmethod 0x00000224b839eb90
Event: 3758.218 Thread 0x00000224b1f64950 flushing  nmethod 0x00000224b83b3410

Events (20 events):
Event: 4678.793 Thread 0x000002251d745fa0 Thread exited: 0x000002251d745fa0
Event: 4738.594 Thread 0x0000022514d8ae10 Thread exited: 0x0000022514d8ae10
Event: 4798.655 Thread 0x0000022514d8b4a0 Thread exited: 0x0000022514d8b4a0
Event: 4858.824 Thread 0x0000022514d87300 Thread exited: 0x0000022514d87300
Event: 4918.835 Thread 0x0000022512d641d0 Thread exited: 0x0000022512d641d0
Event: 4978.844 Thread 0x0000022514d8dc00 Thread exited: 0x0000022514d8dc00
Event: 7235.221 Thread 0x0000022511499d80 Thread added: 0x0000022514d87300
Event: 7237.543 Thread 0x0000022514d87300 Thread added: 0x0000022514d8b4a0
Event: 7245.899 Thread 0x0000022511499d80 Thread added: 0x0000022514d8ae10
Event: 7245.904 Thread 0x0000022514d8b4a0 Thread added: 0x0000022514d886b0
Event: 7245.906 Thread 0x0000022511499d80 Thread added: 0x0000022514d88020
Event: 7245.918 Thread 0x0000022511499d80 Thread added: 0x0000022514d893d0
Event: 7245.922 Thread 0x0000022511499d80 Thread added: 0x0000022514d8dc00
Event: 7307.916 Thread 0x0000022514d88020 Thread exited: 0x0000022514d88020
Event: 7367.918 Thread 0x0000022514d87300 Thread exited: 0x0000022514d87300
Event: 7427.927 Thread 0x0000022514d8ae10 Thread exited: 0x0000022514d8ae10
Event: 7487.936 Thread 0x0000022514d8dc00 Thread exited: 0x0000022514d8dc00
Event: 7547.948 Thread 0x0000022514d886b0 Thread exited: 0x0000022514d886b0
Event: 7607.951 Thread 0x0000022514d893d0 Thread exited: 0x0000022514d893d0
Event: 7667.958 Thread 0x0000022514d8b4a0 Thread exited: 0x0000022514d8b4a0


Dynamic libraries:
0x00007ff688480000 - 0x00007ff68848e000 	c:\Users\USER\.vscode\extensions\redhat.java-1.46.0-win32-x64\jre\21.0.8-win32-x86_64\bin\java.exe
0x00007ffda6580000 - 0x00007ffda67e9000 	C:\WINDOWS\SYSTEM32\ntdll.dll
0x00007ffda5760000 - 0x00007ffda5829000 	C:\WINDOWS\System32\KERNEL32.DLL
0x00007ffda3710000 - 0x00007ffda3b03000 	C:\WINDOWS\System32\KERNELBASE.dll
0x00007ffda3b10000 - 0x00007ffda3c5b000 	C:\WINDOWS\System32\ucrtbase.dll
0x00007ffd7f840000 - 0x00007ffd7f858000 	c:\Users\USER\.vscode\extensions\redhat.java-1.46.0-win32-x64\jre\21.0.8-win32-x86_64\bin\jli.dll
0x00007ffda5830000 - 0x00007ffda59f4000 	C:\WINDOWS\System32\USER32.dll
0x00007ffda3ff0000 - 0x00007ffda4017000 	C:\WINDOWS\System32\win32u.dll
0x00007ffda5280000 - 0x00007ffda52ab000 	C:\WINDOWS\System32\GDI32.dll
0x00007ffda4220000 - 0x00007ffda434d000 	C:\WINDOWS\System32\gdi32full.dll
0x00007ffda3d20000 - 0x00007ffda3dc3000 	C:\WINDOWS\System32\msvcp_win.dll
0x00007ffd7ab80000 - 0x00007ffd7ab9e000 	c:\Users\USER\.vscode\extensions\redhat.java-1.46.0-win32-x64\jre\21.0.8-win32-x86_64\bin\VCRUNTIME140.dll
0x00007ffd80520000 - 0x00007ffd807b3000 	C:\WINDOWS\WinSxS\amd64_microsoft.windows.common-controls_6595b64144ccf1df_6.0.26100.5074_none_3e0d6f78e32fd63f\COMCTL32.dll
0x00007ffda5b00000 - 0x00007ffda5ba9000 	C:\WINDOWS\System32\msvcrt.dll
0x00007ffda5e90000 - 0x00007ffda5ebf000 	C:\WINDOWS\System32\IMM32.DLL
0x00007ffd94430000 - 0x00007ffd9443c000 	c:\Users\USER\.vscode\extensions\redhat.java-1.46.0-win32-x64\jre\21.0.8-win32-x86_64\bin\vcruntime140_1.dll
0x00007ffd670f0000 - 0x00007ffd6717d000 	c:\Users\USER\.vscode\extensions\redhat.java-1.46.0-win32-x64\jre\21.0.8-win32-x86_64\bin\msvcp140.dll
0x00007ffcea6c0000 - 0x00007ffceb457000 	c:\Users\USER\.vscode\extensions\redhat.java-1.46.0-win32-x64\jre\21.0.8-win32-x86_64\bin\server\jvm.dll
0x00007ffda6480000 - 0x00007ffda6534000 	C:\WINDOWS\System32\ADVAPI32.dll
0x00007ffda5c30000 - 0x00007ffda5cd6000 	C:\WINDOWS\System32\sechost.dll
0x00007ffda45e0000 - 0x00007ffda46f8000 	C:\WINDOWS\System32\RPCRT4.dll
0x00007ffda5f10000 - 0x00007ffda5f84000 	C:\WINDOWS\System32\WS2_32.dll
0x00007ffda2350000 - 0x00007ffda23ae000 	C:\WINDOWS\SYSTEM32\POWRPROF.dll
0x00007ffd92ab0000 - 0x00007ffd92abb000 	C:\WINDOWS\SYSTEM32\VERSION.dll
0x00007ffd912b0000 - 0x00007ffd912e5000 	C:\WINDOWS\SYSTEM32\WINMM.dll
0x00007ffda2330000 - 0x00007ffda2344000 	C:\WINDOWS\SYSTEM32\UMPDC.dll
0x00007ffda2610000 - 0x00007ffda262b000 	C:\WINDOWS\SYSTEM32\kernel.appcore.dll
0x00007ffd94010000 - 0x00007ffd9401a000 	c:\Users\USER\.vscode\extensions\redhat.java-1.46.0-win32-x64\jre\21.0.8-win32-x86_64\bin\jimage.dll
0x00007ffda0fd0000 - 0x00007ffda1212000 	C:\WINDOWS\SYSTEM32\DBGHELP.DLL
0x00007ffda53e0000 - 0x00007ffda575b000 	C:\WINDOWS\System32\combase.dll
0x00007ffda4350000 - 0x00007ffda4427000 	C:\WINDOWS\System32\OLEAUT32.dll
0x00007ffd93630000 - 0x00007ffd9366d000 	C:\WINDOWS\SYSTEM32\dbgcore.DLL
0x00007ffda3f50000 - 0x00007ffda3fe9000 	C:\WINDOWS\System32\bcryptPrimitives.dll
0x00007ffd94000000 - 0x00007ffd9400f000 	c:\Users\USER\.vscode\extensions\redhat.java-1.46.0-win32-x64\jre\21.0.8-win32-x86_64\bin\instrument.dll
0x00007ffd7f880000 - 0x00007ffd7f89f000 	c:\Users\USER\.vscode\extensions\redhat.java-1.46.0-win32-x64\jre\21.0.8-win32-x86_64\bin\java.dll
0x00007ffda4ab0000 - 0x00007ffda51fd000 	C:\WINDOWS\System32\SHELL32.dll
0x00007ffda4020000 - 0x00007ffda418c000 	C:\WINDOWS\System32\wintypes.dll
0x00007ffda1360000 - 0x00007ffda1bb9000 	C:\WINDOWS\SYSTEM32\windows.storage.dll
0x00007ffda52b0000 - 0x00007ffda53a0000 	C:\WINDOWS\System32\SHCORE.dll
0x00007ffda5a90000 - 0x00007ffda5af2000 	C:\WINDOWS\System32\shlwapi.dll
0x00007ffda3630000 - 0x00007ffda3659000 	C:\WINDOWS\SYSTEM32\profapi.dll
0x00007ffd7f860000 - 0x00007ffd7f878000 	c:\Users\USER\.vscode\extensions\redhat.java-1.46.0-win32-x64\jre\21.0.8-win32-x86_64\bin\zip.dll
0x00007ffd93ff0000 - 0x00007ffd94000000 	C:\Users\USER\.vscode\extensions\redhat.java-1.46.0-win32-x64\jre\21.0.8-win32-x86_64\bin\net.dll
0x00007ffd94da0000 - 0x00007ffd94ebf000 	C:\WINDOWS\SYSTEM32\WINHTTP.dll
0x00007ffda2b90000 - 0x00007ffda2bfb000 	C:\WINDOWS\system32\mswsock.dll
0x00007ffd780a0000 - 0x00007ffd780b6000 	C:\Users\USER\.vscode\extensions\redhat.java-1.46.0-win32-x64\jre\21.0.8-win32-x86_64\bin\nio.dll
0x00007ffd85af0000 - 0x00007ffd85b00000 	c:\Users\USER\.vscode\extensions\redhat.java-1.46.0-win32-x64\jre\21.0.8-win32-x86_64\bin\verify.dll
0x00007ffd66e30000 - 0x00007ffd66e74000 	C:\Users\USER\AppData\Roaming\Code\User\globalStorage\redhat.java\1.46.0\config_win\org.eclipse.equinox.launcher\org.eclipse.equinox.launcher.win32.win32.x86_64_1.2.1400.v20250801-0854\eclipse_11916.dll
0x00007ffda5cf0000 - 0x00007ffda5e88000 	C:\WINDOWS\System32\ole32.dll
0x00007ffda2e40000 - 0x00007ffda2e5b000 	C:\WINDOWS\SYSTEM32\CRYPTSP.dll
0x00007ffda2570000 - 0x00007ffda25ab000 	C:\WINDOWS\system32\rsaenh.dll
0x00007ffda2c30000 - 0x00007ffda2c5b000 	C:\WINDOWS\SYSTEM32\USERENV.dll
0x00007ffda3600000 - 0x00007ffda3626000 	C:\WINDOWS\SYSTEM32\bcrypt.dll
0x00007ffda2e30000 - 0x00007ffda2e3c000 	C:\WINDOWS\SYSTEM32\CRYPTBASE.dll
0x00007ffda2010000 - 0x00007ffda2044000 	C:\WINDOWS\SYSTEM32\IPHLPAPI.DLL
0x00007ffda5f00000 - 0x00007ffda5f0a000 	C:\WINDOWS\System32\NSI.dll
0x00007ffd65200000 - 0x00007ffd65249000 	C:\Users\USER\AppData\Local\Temp\jna--2056905223\jna2929767757872205028.dll
0x00007ffda5ef0000 - 0x00007ffda5ef8000 	C:\WINDOWS\System32\PSAPI.DLL
0x00007ffd962c0000 - 0x00007ffd962de000 	C:\WINDOWS\SYSTEM32\dhcpcsvc6.DLL
0x00007ffd96290000 - 0x00007ffd962b3000 	C:\WINDOWS\SYSTEM32\dhcpcsvc.DLL
0x00007ffd816c0000 - 0x00007ffd816ce000 	C:\Users\USER\.vscode\extensions\redhat.java-1.46.0-win32-x64\jre\21.0.8-win32-x86_64\bin\sunmscapi.dll
0x00007ffda3dd0000 - 0x00007ffda3f47000 	C:\WINDOWS\System32\CRYPT32.dll
0x00007ffda3050000 - 0x00007ffda3080000 	C:\WINDOWS\SYSTEM32\ncrypt.dll
0x00007ffda3000000 - 0x00007ffda303f000 	C:\WINDOWS\SYSTEM32\NTASN1.dll
0x00007ffda2050000 - 0x00007ffda2176000 	C:\WINDOWS\SYSTEM32\DNSAPI.dll
0x00007ffd94a50000 - 0x00007ffd94a5b000 	C:\Windows\System32\rasadhlp.dll
0x00007ffd963f0000 - 0x00007ffd96476000 	C:\WINDOWS\System32\fwpuclnt.dll
0x00007ffd816b0000 - 0x00007ffd816b9000 	C:\Users\USER\.vscode\extensions\redhat.java-1.46.0-win32-x64\jre\21.0.8-win32-x86_64\bin\extnet.dll
0x00007ffda2730000 - 0x00007ffda2766000 	C:\WINDOWS\SYSTEM32\ntmarta.dll

JVMTI agents:
c:\Users\USER\.vscode\extensions\redhat.java-1.46.0-win32-x64\lombok\lombok-1.18.39-4050.jar path:c:\Users\USER\.vscode\extensions\redhat.java-1.46.0-win32-x64\jre\21.0.8-win32-x86_64\bin\instrument.dll, loaded, initialized, instrumentlib options:none

dbghelp: loaded successfully - version: 4.0.5 - missing functions: none
symbol engine: initialized successfully - sym options: 0x614 - pdb path: .;c:\Users\USER\.vscode\extensions\redhat.java-1.46.0-win32-x64\jre\21.0.8-win32-x86_64\bin;C:\WINDOWS\SYSTEM32;C:\WINDOWS\WinSxS\amd64_microsoft.windows.common-controls_6595b64144ccf1df_6.0.26100.5074_none_3e0d6f78e32fd63f;c:\Users\USER\.vscode\extensions\redhat.java-1.46.0-win32-x64\jre\21.0.8-win32-x86_64\bin\server;C:\Users\USER\AppData\Roaming\Code\User\globalStorage\redhat.java\1.46.0\config_win\org.eclipse.equinox.launcher\org.eclipse.equinox.launcher.win32.win32.x86_64_1.2.1400.v20250801-0854;C:\Users\USER\AppData\Local\Temp\jna--2056905223

VM Arguments:
jvm_args: --add-modules=ALL-SYSTEM --add-opens=java.base/java.util=ALL-UNNAMED --add-opens=java.base/java.lang=ALL-UNNAMED --add-opens=java.base/sun.nio.fs=ALL-UNNAMED -Declipse.application=org.eclipse.jdt.ls.core.id1 -Dosgi.bundles.defaultStartLevel=4 -Declipse.product=org.eclipse.jdt.ls.core.product -Djava.import.generatesMetadataFilesAtProjectRoot=false -DDetectVMInstallationsJob.disabled=true -Dfile.encoding=utf8 -XX:+UseParallelGC -XX:GCTimeRatio=4 -XX:AdaptiveSizePolicyWeight=90 -Dsun.zip.disableMemoryMapping=true -Xmx2G -Xms100m -Xlog:disable -javaagent:c:\Users\USER\.vscode\extensions\redhat.java-1.46.0-win32-x64\lombok\lombok-1.18.39-4050.jar -XX:+HeapDumpOnOutOfMemoryError -XX:HeapDumpPath=c:\Users\USER\AppData\Roaming\Code\User\workspaceStorage\ebff57e93c82993d14ff03a283f459eb\redhat.java -Daether.dependencyCollector.impl=bf 
java_command: c:\Users\USER\.vscode\extensions\redhat.java-1.46.0-win32-x64\server\plugins\org.eclipse.equinox.launcher_1.7.0.v20250519-0528.jar -configuration c:\Users\USER\AppData\Roaming\Code\User\globalStorage\redhat.java\1.46.0\config_win -data c:\Users\USER\AppData\Roaming\Code\User\workspaceStorage\ebff57e93c82993d14ff03a283f459eb\redhat.java\jdt_ws --pipe=\\.\pipe\lsp-82c4ae8c55fe70a2d0713cfb5c0f8f84-sock
java_class_path (initial): c:\Users\USER\.vscode\extensions\redhat.java-1.46.0-win32-x64\server\plugins\org.eclipse.equinox.launcher_1.7.0.v20250519-0528.jar
Launcher Type: SUN_STANDARD

[Global flags]
    uintx AdaptiveSizePolicyWeight                 = 90                                        {product} {command line}
     intx CICompilerCount                          = 4                                         {product} {ergonomic}
    uintx GCTimeRatio                              = 4                                         {product} {command line}
     bool HeapDumpOnOutOfMemoryError               = true                                   {manageable} {command line}
    ccstr HeapDumpPath                             = c:\Users\USER\AppData\Roaming\Code\User\workspaceStorage\ebff57e93c82993d14ff03a283f459eb\redhat.java         {manageable} {command line}
   size_t InitialHeapSize                          = 104857600                                 {product} {command line}
   size_t MaxHeapSize                              = 2147483648                                {product} {command line}
   size_t MaxNewSize                               = 715653120                                 {product} {ergonomic}
   size_t MinHeapDeltaBytes                        = 524288                                    {product} {ergonomic}
   size_t MinHeapSize                              = 104857600                                 {product} {command line}
   size_t NewSize                                  = 34603008                                  {product} {ergonomic}
    uintx NonNMethodCodeHeapSize                   = 5839372                                {pd product} {ergonomic}
    uintx NonProfiledCodeHeapSize                  = 122909434                              {pd product} {ergonomic}
   size_t OldSize                                  = 70254592                                  {product} {ergonomic}
    uintx ProfiledCodeHeapSize                     = 122909434                              {pd product} {ergonomic}
    uintx ReservedCodeCacheSize                    = 251658240                              {pd product} {ergonomic}
     bool SegmentedCodeCache                       = true                                      {product} {ergonomic}
   size_t SoftMaxHeapSize                          = 2147483648                             {manageable} {ergonomic}
     bool UseCompressedOops                        = true                           {product lp64_product} {ergonomic}
     bool UseLargePagesIndividualAllocation        = false                                  {pd product} {ergonomic}
     bool UseParallelGC                            = true                                      {product} {command line}

Logging:
Log output configuration:
 #0: stdout all=off uptime,level,tags foldmultilines=false
 #1: stderr all=off uptime,level,tags foldmultilines=false

Environment Variables:
JAVA_HOME=C:\Program Files\Java\jdk-21
PATH=C:\Program Files\Common Files\Oracle\Java\javapath;C:\WINDOWS\system32;C:\WINDOWS;C:\WINDOWS\System32\Wbem;C:\WINDOWS\System32\WindowsPowerShell\v1.0\;C:\WINDOWS\System32\OpenSSH\;C:\Program Files (x86)\NVIDIA Corporation\PhysX\Common;C:\Program Files\dotnet\;C:\Program Files\nodejs\;C:\Program Files\Git\cmd;C:\Program Files\Docker\Docker\resources\bin;C:\Program Files\Apache\Maven\apache-maven-3.9.11\bin;C:\Program Files\PostgreSQL\17\bin;C:\Program Files\Java\jdk-21\bin;C:\Program Files\MySQL\MySQL Shell 8.0\bin\;C:\Users\USER\AppData\Local\Programs\Python\Python313\Scripts\;C:\Users\USER\AppData\Local\Programs\Python\Python313\;C:\Users\USER\AppData\Local\Microsoft\WindowsApps;C:\Users\USER\AppData\Local\Programs\Microsoft VS Code\bin;C:\Users\USER\AppData\Roaming\npm;C:\Program Files\JetBrains\IntelliJ IDEA Community Edition 2025.1\bin;;C:\Program Files\JetBrains\IntelliJ IDEA 2025.1.3\bin;
USERNAME=LAHIRU
OS=Windows_NT
PROCESSOR_IDENTIFIER=Intel64 Family 6 Model 141 Stepping 1, GenuineIntel
TMP=C:\Users\USER\AppData\Local\Temp
TEMP=C:\Users\USER\AppData\Local\Temp




Periodic native trim disabled

---------------  S Y S T E M  ---------------

OS:
 Windows 11 , 64 bit Build 26100 (10.0.26100.5074)
OS uptime: 1 days 22:14 hours
Hyper-V role detected

CPU: total 12 (initial active 12) (6 cores per cpu, 2 threads per core) family 6 model 141 stepping 1 microcode 0x34, cx8, cmov, fxsr, ht, mmx, 3dnowpref, sse, sse2, sse3, ssse3, sse4.1, sse4.2, popcnt, lzcnt, tsc, tscinvbit, avx, avx2, aes, erms, clmul, bmi1, bmi2, adx, avx512f, avx512dq, avx512cd, avx512bw, avx512vl, sha, fma, vzeroupper, avx512_vpopcntdq, avx512_vpclmulqdq, avx512_vaes, avx512_vnni, clflush, clflushopt, clwb, avx512_vbmi2, avx512_vbmi, hv, rdtscp, rdpid, fsrm, gfni, avx512_bitalg, f16c, cet_ibt, cet_ss, avx512_ifma
Processor Information for the first 12 processors :
  Max Mhz: 2688, Current Mhz: 2688, Mhz Limit: 2688

Memory: 4k page, system-wide physical 7929M (124M free)
TotalPageFile size 32505M (AvailPageFile size 79M)
current process WorkingSet (physical memory assigned to process): 7M, peak: 1313M
current process commit charge ("private bytes"): 1315M, peak: 1830M

vm_info: OpenJDK 64-Bit Server VM (21.0.8+9-LTS) for windows-amd64 JRE (21.0.8+9-LTS), built on 2025-07-15T00:00:00Z by "admin" with MS VC++ 17.7 (VS2022)

END.
